c:\training\c++\practice_cplusplus_airlines-reservation-system_201907\airline\x64\release\airline.ipdb
c:\training\c++\practice_cplusplus_airlines-reservation-system_201907\airline\x64\release\airline.iobj
c:\training\c++\practice_cplusplus_airlines-reservation-system_201907\airline\airline\x64\release\vc142.pdb
c:\training\c++\practice_cplusplus_airlines-reservation-system_201907\airline\airline\x64\release\userreservation.obj
c:\training\c++\practice_cplusplus_airlines-reservation-system_201907\airline\airline\x64\release\airline.obj
c:\training\c++\practice_cplusplus_airlines-reservation-system_201907\airline\airline\x64\release\flightdetail.obj
c:\training\c++\practice_cplusplus_airlines-reservation-system_201907\airline\airline\x64\release\dbconnectutil.obj
c:\training\c++\practice_cplusplus_airlines-reservation-system_201907\airline\airline\x64\release\dbconnectsupport.obj
c:\training\c++\practice_cplusplus_airlines-reservation-system_201907\airline\airline\x64\release\actiondb.obj
c:\training\c++\practice_cplusplus_airlines-reservation-system_201907\airline\airline\x64\release\airline.res
c:\training\c++\practice_cplusplus_airlines-reservation-system_201907\airline\x64\release\airline.pdb
c:\training\c++\practice_cplusplus_airlines-reservation-system_201907\airline\airline\x64\release\airline.tlog\airline.write.1u.tlog
c:\training\c++\practice_cplusplus_airlines-reservation-system_201907\airline\airline\x64\release\airline.tlog\cl.command.1.tlog
c:\training\c++\practice_cplusplus_airlines-reservation-system_201907\airline\airline\x64\release\airline.tlog\cl.read.1.tlog
c:\training\c++\practice_cplusplus_airlines-reservation-system_201907\airline\airline\x64\release\airline.tlog\cl.write.1.tlog
c:\training\c++\practice_cplusplus_airlines-reservation-system_201907\airline\airline\x64\release\airline.tlog\link.command.1.tlog
c:\training\c++\practice_cplusplus_airlines-reservation-system_201907\airline\airline\x64\release\airline.tlog\link.delete.1.tlog
c:\training\c++\practice_cplusplus_airlines-reservation-system_201907\airline\airline\x64\release\airline.tlog\link.read.1.tlog
c:\training\c++\practice_cplusplus_airlines-reservation-system_201907\airline\airline\x64\release\airline.tlog\link.write.1.tlog
c:\training\c++\practice_cplusplus_airlines-reservation-system_201907\airline\airline\x64\release\airline.tlog\rc.command.1.tlog
c:\training\c++\practice_cplusplus_airlines-reservation-system_201907\airline\airline\x64\release\airline.tlog\rc.read.1.tlog
c:\training\c++\practice_cplusplus_airlines-reservation-system_201907\airline\airline\x64\release\airline.tlog\rc.write.1.tlog
